<?xml version="1.0" encoding="UTF-8"?>
<!-- Generated by org.testng.reporters.JUnitReportReporter -->
<testsuite hostname="DESKTOP-GJF3TG7" failures="0" tests="5" name="evaluation.RAEvaluation" time="24.569" errors="0" timestamp="2025-05-05T12:49:35 IST" skipped="0">
  <testcase classname="evaluation.RAEvaluation" name="postRequest" time="18.164"/>
  <testcase classname="evaluation.RAEvaluation" name="testDeletewithVerification" time="2.203"/>
  <testcase classname="evaluation.RAEvaluation" name="testUpdatePost" time="1.213"/>
  <testcase classname="evaluation.RAEvaluation" name="statusCode" time="1.132"/>
  <testcase classname="evaluation.RAEvaluation" name="testPartialUpdateTitle" time="1.857"/>
</testsuite> <!-- evaluation.RAEvaluation -->
